<?xml version="1.0" encoding="UTF-8"?>
<!-- Generated by org.testng.reporters.JUnitReportReporter -->
<testsuite skipped="0" hostname="ICPL12499" name="com.cleartrip.tests.HotelBookingTest" tests="1" failures="0" timestamp="31 Jul 2019 05:05:17 GMT" time="25.092" errors="0">
  <testcase name="shouldBeAbleToSearchForHotels" time="25.092" classname="com.cleartrip.tests.HotelBookingTest"/>
</testsuite> <!-- com.cleartrip.tests.HotelBookingTest -->
