<?xml version="1.0" encoding="UTF-8"?>
<!-- Generated by org.testng.reporters.JUnitReportReporter -->
<testsuite skipped="0" hostname="ICPL12499" name="com.cleartrip.tests.FlightBookingTest" tests="1" failures="0" timestamp="31 Jul 2019 05:57:18 GMT" time="17.726" errors="0">
  <testcase name="testThatResultsAppearForAOneWayJourney" time="17.726" classname="com.cleartrip.tests.FlightBookingTest"/>
</testsuite> <!-- com.cleartrip.tests.FlightBookingTest -->
