<?xml version="1.0" encoding="UTF-8"?>
<!-- Generated by org.testng.reporters.JUnitReportReporter -->
<testsuite skipped="0" hostname="ICPL12499" name="com.cleartrip.tests.SignInTest" tests="1" failures="0" timestamp="31 Jul 2019 04:59:35 GMT" time="6.732" errors="0">
  <testcase name="shouldThrowAnErrorIfSignInDetailsAreMissing" time="6.732" classname="com.cleartrip.tests.SignInTest"/>
</testsuite> <!-- com.cleartrip.tests.SignInTest -->
